app/build/outputs/logs/manifest-merger-debug-report.txt
-- Merging decision tree log ---
manifest
ADDED from src\main\AndroidManifest.xml:2:1-61:12
INJECTED from src\main\AndroidManifest.xml:2:1-61:12
INJECTED from src\main\AndroidManifest.xml:2:1-61:12
INJECTED from src\main\AndroidManifest.xml:2:1-61:12
MERGED from [com.android.support:design:27.1.1] AndroidManifest.xml:17:1-22:12
MERGED from [com.android.support:appcompat-v7:27.1.1] AndroidManifest.xml:17:1-22:12
MERGED from [com.google.android.gms:play-services-vision:15.0.2] AndroidManifest.xml:2:1-9:12
MERGED from [com.google.firebase:firebase-appindexing:16.0.1] AndroidManifest.xml:17:1-24:12
MERGED from [com.google.android.gms:play-services-vision-common:15.0.2] AndroidManifest.xml:2:1-9:12
MERGED from [com.google.android.gms:play-services-clearcut:15.0.1] AndroidManifest.xml:17:1-24:12
MERGED from [com.google.android.gms:play-services-flags:15.0.1] AndroidManifest.xml:17:1-22:12
MERGED from [com.google.android.gms:play-services-phenotype:15.0.1] AndroidManifest.xml:17:1-24:12
MERGED from [com.google.android.gms:play-services-base:15.0.1] AndroidManifest.xml:17:1-29:12
MERGED from [com.google.firebase:firebase-common:16.0.0] AndroidManifest.xml:2:1-16:12
MERGED from [com.google.android.gms:play-services-tasks:15.0.1] AndroidManifest.xml:2:1-9:12
MERGED from [com.google.android.gms:play-services-basement:15.0.1] AndroidManifest.xml:17:1-28:12
MERGED from [com.android.support:support-v4:27.1.1] AndroidManifest.xml:17:1-22:12
MERGED from [com.android.volley:volley:1.1.1] AndroidManifest.xml:2:1-11:12
MERGED from [com.android.support:support-fragment:27.1.1] AndroidManifest.xml:17:1-22:12
MERGED from [com.android.support:animated-vector-drawable:27.1.1] AndroidManifest.xml:17:1-22:12
MERGED from [com.android.support:recyclerview-v7:27.1.1] AndroidManifest.xml:17:1-22:12
MERGED from [com.android.support:support-core-ui:27.1.1] AndroidManifest.xml:17:1-22:12
MERGED from [com.android.support:support-core-utils:27.1.1] AndroidManifest.xml:17:1-22:12
MERGED from [com.android.support:support-vector-drawable:27.1.1] AndroidManifest.xml:17:1-22:12
MERGED from [com.android.support:transition:27.1.1] AndroidManifest.xml:17:1-22:12
MERGED from [com.android.support:support-media-compat:27.1.1] AndroidManifest.xml:17:1-22:12
MERGED from [com.android.support:support-compat:27.1.1] AndroidManifest.xml:17:1-22:12
MERGED from [android.arch.lifecycle:livedata-core:1.1.0] AndroidManifest.xml:17:1-22:12
MERGED from [android.arch.lifecycle:viewmodel:1.1.0] AndroidManifest.xml:17:1-22:12
MERGED from [android.arch.lifecycle:runtime:1.1.0] AndroidManifest.xml:17:1-22:12
MERGED from [android.arch.core:runtime:1.1.0] AndroidManifest.xml:17:1-22:12
INJECTED from src\main\AndroidManifest.xml:2:1-61:12
INJECTED from src\main\AndroidManifest.xml:2:1-61:12
INJECTED from src\main\AndroidManifest.xml:2:1-61:12
	package
		ADDED from src\main\AndroidManifest.xml:3:5-55
		INJECTED from src\main\AndroidManifest.xml
		INJECTED from src\main\AndroidManifest.xml
	android:versionName
		INJECTED from src\main\AndroidManifest.xml
		ADDED from src\main\AndroidManifest.xml:2:1-61:12
		INJECTED from src\main\AndroidManifest.xml
	android:versionCode
		INJECTED from src\main\AndroidManifest.xml
		ADDED from src\main\AndroidManifest.xml:2:1-61:12
		INJECTED from src\main\AndroidManifest.xml
	xmlns:android
		ADDED from src\main\AndroidManifest.xml:2:11-69
	android:installLocation
		ADDED from src\main\AndroidManifest.xml:4:5-35
uses-feature#android.hardware.camera
ADDED from src\main\AndroidManifest.xml:5:5-60
	android:name
		ADDED from src\main\AndroidManifest.xml:5:19-57
uses-permission#android.permission.CAMERA
ADDED from src\main\AndroidManifest.xml:6:5-65
	android:name
		ADDED from src\main\AndroidManifest.xml:6:22-62
uses-permission#android.permission.INTERNET
ADDED from src\main\AndroidManifest.xml:7:5-67
	android:name
		ADDED from src\main\AndroidManifest.xml:7:22-64
uses-feature#android.hardware.camera.autofocus
ADDED from src\main\AndroidManifest.xml:8:5-70
	android:name
		ADDED from src\main\AndroidManifest.xml:8:19-67
uses-permission#android.permission.ACCESS_WIFI_STATE
ADDED from src\main\AndroidManifest.xml:12:5-76
	android:name
		ADDED from src\main\AndroidManifest.xml:12:22-73
uses-permission#android.permission.ACCESS_NETWORK_STATE
ADDED from src\main\AndroidManifest.xml:13:5-79
	android:name
		ADDED from src\main\AndroidManifest.xml:13:22-76
uses-permission#android.permission.CHANGE_WIFI_STATE
ADDED from src\main\AndroidManifest.xml:14:5-76
	android:name
		ADDED from src\main\AndroidManifest.xml:14:22-73
application
ADDED from src\main\AndroidManifest.xml:21:5-59:19
MERGED from [com.google.android.gms:play-services-vision:15.0.2] AndroidManifest.xml:7:5-20
MERGED from [com.google.android.gms:play-services-vision:15.0.2] AndroidManifest.xml:7:5-20
MERGED from [com.google.firebase:firebase-appindexing:16.0.1] AndroidManifest.xml:22:5-20
MERGED from [com.google.firebase:firebase-appindexing:16.0.1] AndroidManifest.xml:22:5-20
MERGED from [com.google.android.gms:play-services-vision-common:15.0.2] AndroidManifest.xml:7:5-20
MERGED from [com.google.android.gms:play-services-vision-common:15.0.2] AndroidManifest.xml:7:5-20
MERGED from [com.google.android.gms:play-services-clearcut:15.0.1] AndroidManifest.xml:22:5-20
MERGED from [com.google.android.gms:play-services-clearcut:15.0.1] AndroidManifest.xml:22:5-20
MERGED from [com.google.android.gms:play-services-phenotype:15.0.1] AndroidManifest.xml:22:5-20
MERGED from [com.google.android.gms:play-services-phenotype:15.0.1] AndroidManifest.xml:22:5-20
MERGED from [com.google.android.gms:play-services-base:15.0.1] AndroidManifest.xml:22:5-27:19
MERGED from [com.google.android.gms:play-services-base:15.0.1] AndroidManifest.xml:22:5-27:19
MERGED from [com.google.firebase:firebase-common:16.0.0] AndroidManifest.xml:8:5-14:19
MERGED from [com.google.firebase:firebase-common:16.0.0] AndroidManifest.xml:8:5-14:19
MERGED from [com.google.android.gms:play-services-tasks:15.0.1] AndroidManifest.xml:7:5-20
MERGED from [com.google.android.gms:play-services-tasks:15.0.1] AndroidManifest.xml:7:5-20
MERGED from [com.google.android.gms:play-services-basement:15.0.1] AndroidManifest.xml:22:5-26:19
MERGED from [com.google.android.gms:play-services-basement:15.0.1] AndroidManifest.xml:22:5-26:19
MERGED from [com.android.volley:volley:1.1.1] AndroidManifest.xml:9:5-20
MERGED from [com.android.volley:volley:1.1.1] AndroidManifest.xml:9:5-20
	android:supportsRtl
		ADDED from src\main\AndroidManifest.xml:27:9-35
	android:label
		ADDED from src\main\AndroidManifest.xml:26:9-39
	android:hardwareAccelerated
		ADDED from src\main\AndroidManifest.xml:24:9-43
	android:fullBackupContent
		ADDED from src\main\AndroidManifest.xml:23:9-42
	android:icon
		ADDED from src\main\AndroidManifest.xml:25:9-39
	android:allowBackup
		ADDED from src\main\AndroidManifest.xml:22:9-35
	android:theme
		ADDED from src\main\AndroidManifest.xml:28:9-65
meta-data#com.google.android.gms.version
ADDED from src\main\AndroidManifest.xml:29:9-31:69
MERGED from [com.google.android.gms:play-services-basement:15.0.1] AndroidManifest.xml:23:9-25:69
MERGED from [com.google.android.gms:play-services-basement:15.0.1] AndroidManifest.xml:23:9-25:69
	android:value
		ADDED from src\main\AndroidManifest.xml:31:13-66
	android:name
		ADDED from src\main\AndroidManifest.xml:30:13-58
meta-data#com.google.android.gms.vision.DEPENDENCIES
ADDED from src\main\AndroidManifest.xml:32:9-34:39
	android:value
		ADDED from src\main\AndroidManifest.xml:34:13-36
	android:name
		ADDED from src\main\AndroidManifest.xml:33:13-70
activity#com.google.android.gms.oem.raktar.vlscan.MainActivity
ADDED from src\main\AndroidManifest.xml:36:10-41:20
	android:screenOrientation
		ADDED from src\main\AndroidManifest.xml:38:13-49
	android:label
		ADDED from src\main\AndroidManifest.xml:40:13-56
	android:theme
		ADDED from src\main\AndroidManifest.xml:37:13-69
	android:name
		ADDED from src\main\AndroidManifest.xml:39:13-81
activity#com.google.android.gms.oem.raktar.vlscan.BarcodeCaptureActivity
ADDED from src\main\AndroidManifest.xml:43:9-46:60
	android:label
		ADDED from src\main\AndroidManifest.xml:46:13-57
	android:theme
		ADDED from src\main\AndroidManifest.xml:44:13-63
	android:name
		ADDED from src\main\AndroidManifest.xml:45:13-91
activity#com.google.android.gms.oem.raktar.vlscan.LoginActivity
ADDED from src\main\AndroidManifest.xml:48:9-58:20
	android:screenOrientation
		ADDED from src\main\AndroidManifest.xml:51:13-49
	android:label
		ADDED from src\main\AndroidManifest.xml:50:13-57
	android:theme
		ADDED from src\main\AndroidManifest.xml:52:13-69
	android:name
		ADDED from src\main\AndroidManifest.xml:49:13-82
intent-filter#action:name:android.intent.action.MAIN+category:name:android.intent.category.LAUNCHER
ADDED from src\main\AndroidManifest.xml:53:13-56:29
action#android.intent.action.MAIN
ADDED from src\main\AndroidManifest.xml:54:17-69
	android:name
		ADDED from src\main\AndroidManifest.xml:54:25-66
category#android.intent.category.LAUNCHER
ADDED from src\main\AndroidManifest.xml:55:17-77
	android:name
		ADDED from src\main\AndroidManifest.xml:55:27-74
uses-sdk
INJECTED from src\main\AndroidManifest.xml reason: use-sdk injection requested
INJECTED from src\main\AndroidManifest.xml
INJECTED from src\main\AndroidManifest.xml
MERGED from [com.android.support:design:27.1.1] AndroidManifest.xml:20:5-44
MERGED from [com.android.support:design:27.1.1] AndroidManifest.xml:20:5-44
MERGED from [com.android.support:appcompat-v7:27.1.1] AndroidManifest.xml:20:5-44
MERGED from [com.android.support:appcompat-v7:27.1.1] AndroidManifest.xml:20:5-44
MERGED from [com.google.android.gms:play-services-vision:15.0.2] AndroidManifest.xml:5:5-44
MERGED from [com.google.android.gms:play-services-vision:15.0.2] AndroidManifest.xml:5:5-44
MERGED from [com.google.firebase:firebase-appindexing:16.0.1] AndroidManifest.xml:20:5-44
MERGED from [com.google.firebase:firebase-appindexing:16.0.1] AndroidManifest.xml:20:5-44
MERGED from [com.google.android.gms:play-services-vision-common:15.0.2] AndroidManifest.xml:5:5-44
MERGED from [com.google.android.gms:play-services-vision-common:15.0.2] AndroidManifest.xml:5:5-44
MERGED from [com.google.android.gms:play-services-clearcut:15.0.1] AndroidManifest.xml:20:5-44
MERGED from [com.google.android.gms:play-services-clearcut:15.0.1] AndroidManifest.xml:20:5-44
MERGED from [com.google.android.gms:play-services-flags:15.0.1] AndroidManifest.xml:20:5-44
MERGED from [com.google.android.gms:play-services-flags:15.0.1] AndroidManifest.xml:20:5-44
MERGED from [com.google.android.gms:play-services-phenotype:15.0.1] AndroidManifest.xml:20:5-44
MERGED from [com.google.android.gms:play-services-phenotype:15.0.1] AndroidManifest.xml:20:5-44
MERGED from [com.google.android.gms:play-services-base:15.0.1] AndroidManifest.xml:20:5-44
MERGED from [com.google.android.gms:play-services-base:15.0.1] AndroidManifest.xml:20:5-44
MERGED from [com.google.firebase:firebase-common:16.0.0] AndroidManifest.xml:5:5-6:37
MERGED from [com.google.firebase:firebase-common:16.0.0] AndroidManifest.xml:5:5-6:37
MERGED from [com.google.android.gms:play-services-tasks:15.0.1] AndroidManifest.xml:5:5-44
MERGED from [com.google.android.gms:play-services-tasks:15.0.1] AndroidManifest.xml:5:5-44
MERGED from [com.google.android.gms:play-services-basement:15.0.1] AndroidManifest.xml:20:5-44
MERGED from [com.google.android.gms:play-services-basement:15.0.1] AndroidManifest.xml:20:5-44
MERGED from [com.android.support:support-v4:27.1.1] AndroidManifest.xml:20:5-44
MERGED from [com.android.support:support-v4:27.1.1] AndroidManifest.xml:20:5-44
MERGED from [com.android.volley:volley:1.1.1] AndroidManifest.xml:7:5-43
MERGED from [com.android.volley:volley:1.1.1] AndroidManifest.xml:7:5-43
MERGED from [com.android.support:support-fragment:27.1.1] AndroidManifest.xml:20:5-44
MERGED from [com.android.support:support-fragment:27.1.1] AndroidManifest.xml:20:5-44
MERGED from [com.android.support:animated-vector-drawable:27.1.1] AndroidManifest.xml:20:5-44
MERGED from [com.android.support:animated-vector-drawable:27.1.1] AndroidManifest.xml:20:5-44
MERGED from [com.android.support:recyclerview-v7:27.1.1] AndroidManifest.xml:20:5-44
MERGED from [com.android.support:recyclerview-v7:27.1.1] AndroidManifest.xml:20:5-44
MERGED from [com.android.support:support-core-ui:27.1.1] AndroidManifest.xml:20:5-44
MERGED from [com.android.support:support-core-ui:27.1.1] AndroidManifest.xml:20:5-44
MERGED from [com.android.support:support-core-utils:27.1.1] AndroidManifest.xml:20:5-44
MERGED from [com.android.support:support-core-utils:27.1.1] AndroidManifest.xml:20:5-44
MERGED from [com.android.support:support-vector-drawable:27.1.1] AndroidManifest.xml:20:5-44
MERGED from [com.android.support:support-vector-drawable:27.1.1] AndroidManifest.xml:20:5-44
MERGED from [com.android.support:transition:27.1.1] AndroidManifest.xml:20:5-44
MERGED from [com.android.support:transition:27.1.1] AndroidManifest.xml:20:5-44
MERGED from [com.android.support:support-media-compat:27.1.1] AndroidManifest.xml:20:5-44
MERGED from [com.android.support:support-media-compat:27.1.1] AndroidManifest.xml:20:5-44
MERGED from [com.android.support:support-compat:27.1.1] AndroidManifest.xml:20:5-44
MERGED from [com.android.support:support-compat:27.1.1] AndroidManifest.xml:20:5-44
MERGED from [android.arch.lifecycle:livedata-core:1.1.0] AndroidManifest.xml:20:5-44
MERGED from [android.arch.lifecycle:livedata-core:1.1.0] AndroidManifest.xml:20:5-44
MERGED from [android.arch.lifecycle:viewmodel:1.1.0] AndroidManifest.xml:20:5-44
MERGED from [android.arch.lifecycle:viewmodel:1.1.0] AndroidManifest.xml:20:5-44
MERGED from [android.arch.lifecycle:runtime:1.1.0] AndroidManifest.xml:20:5-44
MERGED from [android.arch.lifecycle:runtime:1.1.0] AndroidManifest.xml:20:5-44
MERGED from [android.arch.core:runtime:1.1.0] AndroidManifest.xml:20:5-44
MERGED from [android.arch.core:runtime:1.1.0] AndroidManifest.xml:20:5-44
INJECTED from src\main\AndroidManifest.xml
INJECTED from src\main\AndroidManifest.xml
	android:targetSdkVersion
		INJECTED from src\main\AndroidManifest.xml
		ADDED from src\main\AndroidManifest.xml
		INJECTED from src\main\AndroidManifest.xml
	android:minSdkVersion
		INJECTED from src\main\AndroidManifest.xml
		ADDED from src\main\AndroidManifest.xml
		INJECTED from src\main\AndroidManifest.xml
activity#com.google.android.gms.common.api.GoogleApiActivity
ADDED from [com.google.android.gms:play-services-base:15.0.1] AndroidManifest.xml:23:9-26:75
	android:exported
		ADDED from [com.google.android.gms:play-services-base:15.0.1] AndroidManifest.xml:25:13-37
	android:theme
		ADDED from [com.google.android.gms:play-services-base:15.0.1] AndroidManifest.xml:26:13-72
	android:name
		ADDED from [com.google.android.gms:play-services-base:15.0.1] AndroidManifest.xml:24:13-79
provider#com.google.firebase.provider.FirebaseInitProvider
ADDED from [com.google.firebase:firebase-common:16.0.0] AndroidManifest.xml:9:9-13:39
	android:authorities
		ADDED from [com.google.firebase:firebase-common:16.0.0] AndroidManifest.xml:11:13-72
	android:exported
		ADDED from [com.google.firebase:firebase-common:16.0.0] AndroidManifest.xml:12:13-37
	android:initOrder
		ADDED from [com.google.firebase:firebase-common:16.0.0] AndroidManifest.xml:13:13-36
	android:name
		ADDED from [com.google.firebase:firebase-common:16.0.0] AndroidManifest.xml:10:13-77